[01m[K/home/sirius2beta/cetus/src/link_manager/src/link_manager.cpp:[m[K In function â€˜[01m[Kint main(int, char**)[m[Kâ€™:
[01m[K/home/sirius2beta/cetus/src/link_manager/src/link_manager.cpp:11:5:[m[K [01;31m[Kerror: [m[Kâ€˜[01m[Kros_thread_[m[Kâ€™ was not declared in this scope
   11 |     [01;31m[Kros_thread_[m[K = new RosThread(node_, this);
      |     [01;31m[K^~~~~~~~~~~[m[K
[01m[K/home/sirius2beta/cetus/src/link_manager/src/link_manager.cpp:11:23:[m[K [01;31m[Kerror: [m[Kexpected type-specifier before â€˜[01m[KRosThread[m[Kâ€™
   11 |     ros_thread_ = new [01;31m[KRosThread[m[K(node_, this);
      |                       [01;31m[K^~~~~~~~~[m[K
[01m[K/home/sirius2beta/cetus/src/link_manager/src/link_manager.cpp:12:5:[m[K [01;31m[Kerror: [m[Kâ€˜[01m[Kconnect[m[Kâ€™ was not declared in this scope
   12 |     [01;31m[Kconnect[m[K(ros_thread_, &QThread::finished, []() {
      |     [01;31m[K^~~~~~~[m[K
make[2]: *** [CMakeFiles/link_manager.dir/build.make:90: CMakeFiles/link_manager.dir/src/link_manager.cpp.o] Error 1
make[1]: *** [CMakeFiles/Makefile2:138: CMakeFiles/link_manager.dir/all] Error 2
make: *** [Makefile:146: all] Error 2
