[0.072s] Invoking command in '/home/sirius2beta/cetus/build/link_manager': CMAKE_PREFIX_PATH=/home/sirius2beta/cetus/install/more_interfaces:/home/sirius2beta/cetus/install/link_manager:/home/sirius2beta/cetus/install/video_control:/opt/ros/foxy LD_LIBRARY_PATH=/home/sirius2beta/cetus/install/more_interfaces/lib:/opt/ros/foxy/opt/yaml_cpp_vendor/lib:/opt/ros/foxy/lib/aarch64-linux-gnu:/opt/ros/foxy/lib:/usr/local/cuda-11.4/lib64:/usr/local/cuda-11.4/lib64 PYTHONPATH=/home/sirius2beta/cetus/install/more_interfaces/lib/python3.8/site-packages:/home/sirius2beta/cetus/install/video_control/lib/python3.8/site-packages:/opt/ros/foxy/lib/python3.8/site-packages /home/sirius2beta/.local/bin/cmake --build /home/sirius2beta/cetus/build/link_manager -- -j4 -l4
[0.390s] [ 20%] [34m[1mAutomatic MOC and UIC for target link_manager[0m
[2.156s] 
[2.157s] AutoMoc subprocess error
[2.158s] ------------------------
[2.159s] The moc process failed to compile
[2.160s]   "SRC:/src/RosInterface.h"
[2.161s] into
[2.162s]   "BIN:/link_manager_autogen/UVLADIE3JM/moc_RosInterface.cpp"
[2.162s] Process failed with return value 1
[2.163s] 
[2.163s] Command
[2.164s] -------
[2.164s] /usr/lib/qt5/bin/moc -DDEFAULT_RMW_IMPLEMENTATION=rmw_fastrtps_cpp -DQT_CORE_LIB -DQT_NETWORK_LIB -DQT_NO_DEBUG -DQT_SERIALPORT_LIB -DRCUTILS_ENABLE_FAULT_INJECTION -DSPDLOG_COMPILED_LIB -I/home/sirius2beta/cetus/src/link_manager -I/home/sirius2beta/cetus/src/link_manager/src/mavlink -I/home/sirius2beta/cetus/src/link_manager/src/mavlink/hypex -I/home/sirius2beta/cetus/install/more_interfaces/include -I/opt/ros/foxy/include -I/usr/include/aarch64-linux-gnu/qt5 -I/usr/include/aarch64-linux-gnu/qt5/QtCore -I/usr/lib/aarch64-linux-gnu/qt5/mkspecs/linux-g++ -I/usr/include/aarch64-linux-gnu/qt5/QtSerialPort -I/usr/include/aarch64-linux-gnu/qt5/QtNetwork -I/usr/include -I/usr/include/c++/9 -I/usr/include/aarch64-linux-gnu/c++/9 -I/usr/include/c++/9/backward -I/usr/lib/gcc/aarch64-linux-gnu/9/include -I/usr/local/include -I/usr/include/aarch64-linux-gnu --include /home/sirius2beta/cetus/build/link_manager/link_manager_autogen/moc_predefs.h -o /home/sirius2beta/cetus/build/link_manager/link_manager_autogen/UVLADIE3JM/moc_RosInterface.cpp /home/sirius2beta/cetus/src/link_manager/src/RosInterface.h
[2.164s] 
[2.165s] Output
[2.165s] ------
[2.165s] /home/sirius2beta/cetus/src/link_manager/src/RosInterface.h:13: Error: Missing access specifier for slots
[2.166s] 
[2.166s] make[2]: *** [CMakeFiles/link_manager_autogen.dir/build.make:71: CMakeFiles/link_manager_autogen] Error 1
[2.166s] make[1]: *** [CMakeFiles/Makefile2:164: CMakeFiles/link_manager_autogen.dir/all] Error 2
[2.167s] make: *** [Makefile:146: all] Error 2
[2.204s] Invoked command in '/home/sirius2beta/cetus/build/link_manager' returned '2': CMAKE_PREFIX_PATH=/home/sirius2beta/cetus/install/more_interfaces:/home/sirius2beta/cetus/install/link_manager:/home/sirius2beta/cetus/install/video_control:/opt/ros/foxy LD_LIBRARY_PATH=/home/sirius2beta/cetus/install/more_interfaces/lib:/opt/ros/foxy/opt/yaml_cpp_vendor/lib:/opt/ros/foxy/lib/aarch64-linux-gnu:/opt/ros/foxy/lib:/usr/local/cuda-11.4/lib64:/usr/local/cuda-11.4/lib64 PYTHONPATH=/home/sirius2beta/cetus/install/more_interfaces/lib/python3.8/site-packages:/home/sirius2beta/cetus/install/video_control/lib/python3.8/site-packages:/opt/ros/foxy/lib/python3.8/site-packages /home/sirius2beta/.local/bin/cmake --build /home/sirius2beta/cetus/build/link_manager -- -j4 -l4
