[0.066s] Invoking command in '/home/sirius2beta/cetus/build/link_manager': CMAKE_PREFIX_PATH=/home/sirius2beta/cetus/install/more_interfaces:/home/sirius2beta/cetus/install/link_manager:/home/sirius2beta/cetus/install/video_control:/opt/ros/foxy LD_LIBRARY_PATH=/home/sirius2beta/cetus/install/more_interfaces/lib:/opt/ros/foxy/opt/yaml_cpp_vendor/lib:/opt/ros/foxy/lib/aarch64-linux-gnu:/opt/ros/foxy/lib:/usr/local/cuda-11.4/lib64:/usr/local/cuda-11.4/lib64 PYTHONPATH=/home/sirius2beta/cetus/install/more_interfaces/lib/python3.8/site-packages:/home/sirius2beta/cetus/install/video_control/lib/python3.8/site-packages:/opt/ros/foxy/lib/python3.8/site-packages /home/sirius2beta/.local/bin/cmake --build /home/sirius2beta/cetus/build/link_manager -- -j4 -l4
[0.402s] [ 20%] [34m[1mAutomatic MOC and UIC for target link_manager[0m
[0.436s] [ 20%] Built target link_manager_autogen
[0.574s] [ 40%] [32mBuilding CXX object CMakeFiles/link_manager.dir/src/link_manager.cpp.o[0m
[7.239s] [01m[K/home/sirius2beta/cetus/src/link_manager/src/link_manager.cpp:[m[K In function â€˜[01m[Kint main(int, char**)[m[Kâ€™:
[7.241s] [01m[K/home/sirius2beta/cetus/src/link_manager/src/link_manager.cpp:11:5:[m[K [01;31m[Kerror: [m[Kâ€˜[01m[KRosThread[m[Kâ€™ was not declared in this scope; did you mean â€˜[01m[KQThread[m[Kâ€™?
[7.242s]    11 |     [01;31m[KRosThread[m[K* ros_thread_ = new RosThread(node_, this);
[7.243s]       |     [01;31m[K^~~~~~~~~[m[K
[7.244s]       |     [32m[KQThread[m[K
[7.249s] [01m[K/home/sirius2beta/cetus/src/link_manager/src/link_manager.cpp:11:16:[m[K [01;31m[Kerror: [m[Kâ€˜[01m[Kros_thread_[m[Kâ€™ was not declared in this scope
[7.250s]    11 |     RosThread* [01;31m[Kros_thread_[m[K = new RosThread(node_, this);
[7.251s]       |                [01;31m[K^~~~~~~~~~~[m[K
[7.253s] [01m[K/home/sirius2beta/cetus/src/link_manager/src/link_manager.cpp:11:34:[m[K [01;31m[Kerror: [m[Kexpected type-specifier before â€˜[01m[KRosThread[m[Kâ€™
[7.254s]    11 |     RosThread* ros_thread_ = new [01;31m[KRosThread[m[K(node_, this);
[7.255s]       |                                  [01;31m[K^~~~~~~~~[m[K
[7.257s] [01m[K/home/sirius2beta/cetus/src/link_manager/src/link_manager.cpp:12:5:[m[K [01;31m[Kerror: [m[Kâ€˜[01m[Kconnect[m[Kâ€™ was not declared in this scope
[7.258s]    12 |     [01;31m[Kconnect[m[K(ros_thread_, &QThread::finished, []() {
[7.259s]       |     [01;31m[K^~~~~~~[m[K
[11.404s] make[2]: *** [CMakeFiles/link_manager.dir/build.make:90: CMakeFiles/link_manager.dir/src/link_manager.cpp.o] Error 1
[11.405s] make[1]: *** [CMakeFiles/Makefile2:138: CMakeFiles/link_manager.dir/all] Error 2
[11.407s] make: *** [Makefile:146: all] Error 2
[11.449s] Invoked command in '/home/sirius2beta/cetus/build/link_manager' returned '2': CMAKE_PREFIX_PATH=/home/sirius2beta/cetus/install/more_interfaces:/home/sirius2beta/cetus/install/link_manager:/home/sirius2beta/cetus/install/video_control:/opt/ros/foxy LD_LIBRARY_PATH=/home/sirius2beta/cetus/install/more_interfaces/lib:/opt/ros/foxy/opt/yaml_cpp_vendor/lib:/opt/ros/foxy/lib/aarch64-linux-gnu:/opt/ros/foxy/lib:/usr/local/cuda-11.4/lib64:/usr/local/cuda-11.4/lib64 PYTHONPATH=/home/sirius2beta/cetus/install/more_interfaces/lib/python3.8/site-packages:/home/sirius2beta/cetus/install/video_control/lib/python3.8/site-packages:/opt/ros/foxy/lib/python3.8/site-packages /home/sirius2beta/.local/bin/cmake --build /home/sirius2beta/cetus/build/link_manager -- -j4 -l4
