[0.073s] Invoking command in '/home/sirius2beta/cetus/build/link_manager': CMAKE_PREFIX_PATH=/home/sirius2beta/cetus/install/more_interfaces:/home/sirius2beta/cetus/install/link_manager:/home/sirius2beta/cetus/install/video_control:/opt/ros/foxy LD_LIBRARY_PATH=/home/sirius2beta/cetus/install/more_interfaces/lib:/opt/ros/foxy/opt/yaml_cpp_vendor/lib:/opt/ros/foxy/lib/aarch64-linux-gnu:/opt/ros/foxy/lib:/usr/local/cuda-11.4/lib64:/usr/local/cuda-11.4/lib64 PYTHONPATH=/home/sirius2beta/cetus/install/more_interfaces/lib/python3.8/site-packages:/home/sirius2beta/cetus/install/video_control/lib/python3.8/site-packages:/opt/ros/foxy/lib/python3.8/site-packages /home/sirius2beta/.local/bin/cmake --build /home/sirius2beta/cetus/build/link_manager -- -j4 -l4
[0.385s] [ 20%] [34m[1mAutomatic MOC and UIC for target link_manager[0m
[0.418s] [ 20%] Built target link_manager_autogen
[0.619s] [ 40%] [32mBuilding CXX object CMakeFiles/link_manager.dir/src/link_manager.cpp.o[0m
[0.624s] [ 60%] [32mBuilding CXX object CMakeFiles/link_manager.dir/link_manager_autogen/mocs_compilation.cpp.o[0m
[0.632s] [ 80%] [32mBuilding CXX object CMakeFiles/link_manager.dir/src/RosInterface.cpp.o[0m
[8.239s] In file included from [01m[K/home/sirius2beta/cetus/build/link_manager/link_manager_autogen/UVLADIE3JM/../../../../src/link_manager/src/RosInterface.h:2[m[K,
[8.242s]                  from [01m[K/home/sirius2beta/cetus/build/link_manager/link_manager_autogen/UVLADIE3JM/moc_RosInterface.cpp:9[m[K,
[8.245s]                  from [01m[K/home/sirius2beta/cetus/build/link_manager/link_manager_autogen/mocs_compilation.cpp:2[m[K:
[8.246s] [01m[K/home/sirius2beta/cetus/build/link_manager/link_manager_autogen/UVLADIE3JM/../../../../src/link_manager/src/ros_worker.h:9:36:[m[K [01;31m[Kerror: [m[Kexpected â€˜[01m[K)[m[Kâ€™ before â€˜[01m[Kcallback[m[Kâ€™
[8.246s]     9 |     SubscribeWorker[34m[K([m[KMavlinkCallback[01;31m[K [m[K[32m[Kcallback[m[K) : Node("link_manager_subscribe_worker"), callback_(callback)
[8.247s]       |                    [34m[K~[m[K               [01;31m[K^[m[K[32m[K~~~~~~~~[m[K
[8.247s]       |                                    [32m[K)[m[K
[8.262s] In file included from [01m[K/home/sirius2beta/cetus/src/link_manager/src/mavlink/hypex/mavlink.h:32[m[K,
[8.262s]                  from [01m[K/home/sirius2beta/cetus/build/link_manager/link_manager_autogen/UVLADIE3JM/../../../../src/link_manager/src/RosInterface.h:4[m[K,
[8.263s]                  from [01m[K/home/sirius2beta/cetus/build/link_manager/link_manager_autogen/UVLADIE3JM/moc_RosInterface.cpp:9[m[K,
[8.263s]                  from [01m[K/home/sirius2beta/cetus/build/link_manager/link_manager_autogen/mocs_compilation.cpp:2[m[K:
[8.266s] [01m[K/home/sirius2beta/cetus/src/link_manager/src/mavlink/hypex/hypex.h:16:8:[m[K [01;31m[Kerror: [m[Kexpected unqualified-id before string constant
[8.266s]    16 | extern [01;31m[K"C"[m[K {
[8.267s]       |        [01;31m[K^~~[m[K
[8.283s] In file included from [01m[K/home/sirius2beta/cetus/build/link_manager/link_manager_autogen/UVLADIE3JM/moc_RosInterface.cpp:9[m[K,
[8.286s]                  from [01m[K/home/sirius2beta/cetus/build/link_manager/link_manager_autogen/mocs_compilation.cpp:2[m[K:
[8.286s] [01m[K/home/sirius2beta/cetus/build/link_manager/link_manager_autogen/UVLADIE3JM/../../../../src/link_manager/src/RosInterface.h:12:30:[m[K [01;31m[Kerror: [m[Kâ€˜[01m[Kmavlink_message_t[m[Kâ€™ does not name a type
[8.287s]    12 |     void mavlinkToSend(const [01;31m[Kmavlink_message_t[m[K &message);
[8.289s]       |                              [01;31m[K^~~~~~~~~~~~~~~~~[m[K
[8.297s] [01m[K/home/sirius2beta/cetus/build/link_manager/link_manager_autogen/UVLADIE3JM/../../../../src/link_manager/src/RosInterface.h:14:33:[m[K [01;31m[Kerror: [m[Kâ€˜[01m[Kmavlink_message_t[m[Kâ€™ does not name a type
[8.298s]    14 |     void onMavlinkToParse(const [01;31m[Kmavlink_message_t[m[K &message);
[8.298s]       |                                 [01;31m[K^~~~~~~~~~~~~~~~~[m[K
[8.320s] In file included from [01m[K/home/sirius2beta/cetus/build/link_manager/link_manager_autogen/mocs_compilation.cpp:2[m[K:
[8.322s] [01m[K/home/sirius2beta/cetus/build/link_manager/link_manager_autogen/UVLADIE3JM/moc_RosInterface.cpp:32:48:[m[K [01;31m[Kerror: [m[Kâ€˜[01m[Kconstexpr[m[Kâ€™ needed for in-class initialization of static data member â€˜[01m[Kconst SubscribeWorker::qt_meta_stringdata_RosInterface_t SubscribeWorker::qt_meta_stringdata_RosInterface[m[Kâ€™ of non-integral type [[01;31m[K-fpermissive[m[K]
[8.327s]    32 | static const qt_meta_stringdata_RosInterface_t [01;31m[Kqt_meta_stringdata_RosInterface[m[K = {
[8.329s]       |                                                [01;31m[K^~~~~~~~~~~~~~~~~~~~~~~~~~~~~~~[m[K
[8.331s] [01m[K/home/sirius2beta/cetus/build/link_manager/link_manager_autogen/UVLADIE3JM/moc_RosInterface.cpp:47:19:[m[K [01;31m[Kerror: [m[Kin-class initialization of static data member â€˜[01m[Kconst uint SubscribeWorker::qt_meta_data_RosInterface [][m[Kâ€™ of incomplete type
[8.333s]    47 | static const uint [01;31m[Kqt_meta_data_RosInterface[m[K[] = {
[8.335s]       |                   [01;31m[K^~~~~~~~~~~~~~~~~~~~~~~~~[m[K
[8.340s] [01m[K/home/sirius2beta/cetus/build/link_manager/link_manager_autogen/UVLADIE3JM/moc_RosInterface.cpp:75:92:[m[K [01;31m[Kerror: [m[Kcannot define member function â€˜[01m[KSubscribeWorker::RosInterface::qt_static_metacall[m[Kâ€™ within â€˜[01m[KSubscribeWorker[m[Kâ€™
[8.341s]    75 | _metacall(QObject *_o, QMetaObject::Call _c, int _id, void **_a[01;31m[K)[m[K
[8.344s]       |                                                                [01;31m[K^[m[K
[8.346s] 
[8.347s] [01m[K/home/sirius2beta/cetus/build/link_manager/link_manager_autogen/UVLADIE3JM/moc_RosInterface.cpp:104:3:[m[K [01;31m[Kerror: [m[Kinvalid use of qualified-name â€˜[01m[KSubscribeWorker::RosInterface::staticMetaObject[m[Kâ€™
[8.349s]   104 | } [01;31m[K}[m[K;
[8.349s]       |   [01;31m[K^[m[K
[8.350s] [01m[K/home/sirius2beta/cetus/build/link_manager/link_manager_autogen/UVLADIE3JM/moc_RosInterface.cpp:107:47:[m[K [01;31m[Kerror: [m[Kcannot define member function â€˜[01m[KSubscribeWorker::RosInterface::metaObject[m[Kâ€™ within â€˜[01m[KSubscribeWorker[m[Kâ€™
[8.350s]   107 | const QMetaObject *RosInterface::metaObject() [01;31m[Kconst[m[K
[8.350s]       |                                               [01;31m[K^~~~~[m[K
[8.351s] [01m[K/home/sirius2beta/cetus/build/link_manager/link_manager_autogen/UVLADIE3JM/moc_RosInterface.cpp:112:52:[m[K [01;31m[Kerror: [m[Kcannot define member function â€˜[01m[KSubscribeWorker::RosInterface::qt_metacast[m[Kâ€™ within â€˜[01m[KSubscribeWorker[m[Kâ€™
[8.351s]   112 | void *RosInterface::qt_metacast(const char *_clname[01;31m[K)[m[K
[8.355s]       |                                                    [01;31m[K^[m[K
[8.357s] [01m[K/home/sirius2beta/cetus/build/link_manager/link_manager_autogen/UVLADIE3JM/moc_RosInterface.cpp:120:71:[m[K [01;31m[Kerror: [m[Kcannot define member function â€˜[01m[KSubscribeWorker::RosInterface::qt_metacall[m[Kâ€™ within â€˜[01m[KSubscribeWorker[m[Kâ€™
[8.357s]   120 | int RosInterface::qt_metacall(QMetaObject::Call _c, int _id, void **_a[01;31m[K)[m[K
[8.357s]       |                                                                       [01;31m[K^[m[K
[8.358s] [01m[K/home/sirius2beta/cetus/build/link_manager/link_manager_autogen/UVLADIE3JM/moc_RosInterface.cpp:138:40:[m[K [01;31m[Kerror: [m[Kâ€˜[01m[Kmavlink_message_t[m[Kâ€™ does not name a type
[8.358s]   138 | void RosInterface::mavlinkToSend(const [01;31m[Kmavlink_message_t[m[K & _t1)
[8.358s]       |                                        [01;31m[K^~~~~~~~~~~~~~~~~[m[K
[8.359s] [01m[K/home/sirius2beta/cetus/build/link_manager/link_manager_autogen/UVLADIE3JM/moc_RosInterface.cpp:138:63:[m[K [01;31m[Kerror: [m[Kcannot define member function â€˜[01m[KSubscribeWorker::RosInterface::mavlinkToSend[m[Kâ€™ within â€˜[01m[KSubscribeWorker[m[Kâ€™
[8.359s]   138 | void RosInterface::mavlinkToSend(const mavlink_message_t & _t1[01;31m[K)[m[K
[8.364s]       |                                                               [01;31m[K^[m[K
[8.364s] In file included from [01m[K/usr/include/aarch64-linux-gnu/qt5/QtCore/qglobal.h:105[m[K,
[8.365s]                  from [01m[K/usr/include/aarch64-linux-gnu/qt5/QtCore/qnamespace.h:43[m[K,
[8.365s]                  from [01m[K/usr/include/aarch64-linux-gnu/qt5/QtCore/qobjectdefs.h:48[m[K,
[8.365s]                  from [01m[K/usr/include/aarch64-linux-gnu/qt5/QtCore/qobject.h:46[m[K,
[8.366s]                  from [01m[K/usr/include/aarch64-linux-gnu/qt5/QtCore/qthread.h:44[m[K,
[8.366s]                  from [01m[K/usr/include/aarch64-linux-gnu/qt5/QtCore/QThread:1[m[K,
[8.366s]                  from [01m[K/home/sirius2beta/cetus/build/link_manager/link_manager_autogen/UVLADIE3JM/../../../../src/link_manager/src/ros_worker.h:4[m[K,
[8.367s]                  from [01m[K/home/sirius2beta/cetus/build/link_manager/link_manager_autogen/UVLADIE3JM/../../../../src/link_manager/src/RosInterface.h:2[m[K,
[8.367s]                  from [01m[K/home/sirius2beta/cetus/build/link_manager/link_manager_autogen/UVLADIE3JM/moc_RosInterface.cpp:9[m[K,
[8.368s]                  from [01m[K/home/sirius2beta/cetus/build/link_manager/link_manager_autogen/mocs_compilation.cpp:2[m[K:
[8.368s] [01m[K/home/sirius2beta/cetus/build/link_manager/link_manager_autogen/UVLADIE3JM/moc_RosInterface.cpp:143:1:[m[K [01;31m[Kerror: [m[Kexpected â€˜[01m[K}[m[Kâ€™ at end of input
[8.368s]   143 | [01;31m[KQT_WARNING_POP[m[K
[8.369s]       | [01;31m[K^~~~~~~~~~~~~~[m[K
[8.369s] In file included from [01m[K/home/sirius2beta/cetus/build/link_manager/link_manager_autogen/UVLADIE3JM/../../../../src/link_manager/src/RosInterface.h:2[m[K,
[8.369s]                  from [01m[K/home/sirius2beta/cetus/build/link_manager/link_manager_autogen/UVLADIE3JM/moc_RosInterface.cpp:9[m[K,
[8.370s]                  from [01m[K/home/sirius2beta/cetus/build/link_manager/link_manager_autogen/mocs_compilation.cpp:2[m[K:
[8.371s] [01m[K/home/sirius2beta/cetus/build/link_manager/link_manager_autogen/UVLADIE3JM/../../../../src/link_manager/src/ros_worker.h:7:1:[m[K [01;36m[Knote: [m[Kto match this â€˜[01m[K{[m[Kâ€™
[8.381s]     7 | [01;36m[K{[m[K
[8.383s]       | [01;36m[K^[m[K
[8.387s] In file included from [01m[K/home/sirius2beta/cetus/src/link_manager/src/RosInterface.h:2[m[K,
[8.389s]                  from [01m[K/home/sirius2beta/cetus/src/link_manager/src/link_manager.cpp:4[m[K:
[8.391s] [01m[K/home/sirius2beta/cetus/src/link_manager/src/ros_worker.h:9:36:[m[K [01;31m[Kerror: [m[Kexpected â€˜[01m[K)[m[Kâ€™ before â€˜[01m[Kcallback[m[Kâ€™
[8.393s]     9 |     SubscribeWorker[34m[K([m[KMavlinkCallback[01;31m[K [m[K[32m[Kcallback[m[K) : Node("link_manager_subscribe_worker"), callback_(callback)
[8.394s]       |                    [34m[K~[m[K               [01;31m[K^[m[K[32m[K~~~~~~~~[m[K
[8.394s]       |                                    [32m[K)[m[K
[8.395s] In file included from [01m[K/home/sirius2beta/cetus/src/link_manager/src/mavlink/hypex/mavlink.h:32[m[K,
[8.395s]                  from [01m[K/home/sirius2beta/cetus/src/link_manager/src/RosInterface.h:4[m[K,
[8.395s]                  from [01m[K/home/sirius2beta/cetus/src/link_manager/src/link_manager.cpp:4[m[K:
[8.396s] [01m[K/home/sirius2beta/cetus/src/link_manager/src/mavlink/hypex/hypex.h:16:8:[m[K [01;31m[Kerror: [m[Kexpected unqualified-id before string constant
[8.396s]    16 | extern [01;31m[K"C"[m[K {
[8.396s]       |        [01;31m[K^~~[m[K
[8.405s] In file included from [01m[K/home/sirius2beta/cetus/src/link_manager/src/link_manager.cpp:4[m[K:
[8.416s] [01m[K/home/sirius2beta/cetus/src/link_manager/src/RosInterface.h:12:30:[m[K [01;31m[Kerror: [m[Kâ€˜[01m[Kmavlink_message_t[m[Kâ€™ does not name a type
[8.418s]    12 |     void mavlinkToSend(const [01;31m[Kmavlink_message_t[m[K &message);
[8.419s]       |                              [01;31m[K^~~~~~~~~~~~~~~~~[m[K
[8.430s] In file included from [01m[K/home/sirius2beta/cetus/build/link_manager/link_manager_autogen/UVLADIE3JM/moc_RosInterface.cpp:9[m[K,
[8.431s]                  from [01m[K/home/sirius2beta/cetus/build/link_manager/link_manager_autogen/mocs_compilation.cpp:2[m[K:
[8.431s] [01m[K/home/sirius2beta/cetus/build/link_manager/link_manager_autogen/UVLADIE3JM/../../../../src/link_manager/src/RosInterface.h:9:73:[m[K [01;31m[Kerror: [m[Kexpected unqualified-id at end of input
[8.432s]     9 |     explicit RosInterface(QObject *parent = nullptr) : QThread(parent) {[01;31m[K}[m[K
[8.432s]       |                                                                         [01;31m[K^[m[K
[8.437s] [01m[K/home/sirius2beta/cetus/src/link_manager/src/RosInterface.h:14:33:[m[K [01;31m[Kerror: [m[Kâ€˜[01m[Kmavlink_message_t[m[Kâ€™ does not name a type
[8.440s]    14 |     void onMavlinkToParse(const [01;31m[Kmavlink_message_t[m[K &message);
[8.440s]       |                                 [01;31m[K^~~~~~~~~~~~~~~~~[m[K
[8.458s] In file included from [01m[K/usr/include/aarch64-linux-gnu/qt5/QtCore/qcoreapplication.h:48[m[K,
[8.458s]                  from [01m[K/usr/include/aarch64-linux-gnu/qt5/QtCore/QCoreApplication:1[m[K,
[8.459s]                  from [01m[K/home/sirius2beta/cetus/src/link_manager/src/link_manager.cpp:5[m[K:
[8.464s] [01m[K/usr/include/aarch64-linux-gnu/qt5/QtCore/qeventloop.h:50:41:[m[K [01;31m[Kerror: [m[Kinvalid use of incomplete type â€˜[01m[Kclass SubscribeWorker::QObject[m[Kâ€™
[8.466s]    50 | class Q_CORE_EXPORT QEventLoop : public [01;31m[KQObject[m[K
[8.468s]       |                                         [01;31m[K^~~~~~~[m[K
[8.469s] In file included from [01m[K/usr/include/aarch64-linux-gnu/qt5/QtCore/qcoreapplication.h:47[m[K,
[8.469s]                  from [01m[K/usr/include/aarch64-linux-gnu/qt5/QtCore/QCoreApplication:1[m[K,
[8.469s]                  from [01m[K/home/sirius2beta/cetus/src/link_manager/src/link_manager.cpp:5[m[K:
[8.470s] [01m[K/usr/include/aarch64-linux-gnu/qt5/QtCore/qcoreevent.h:347:7:[m[K [01;36m[Knote: [m[Kforward declaration of â€˜[01m[Kclass SubscribeWorker::QObject[m[Kâ€™
[8.470s]   347 | class [01;36m[KQObject[m[K;
[8.470s]       |       [01;36m[K^~~~~~~[m[K
[8.471s] In file included from [01m[K/usr/include/aarch64-linux-gnu/qt5/QtCore/qcoreapplication.h:48[m[K,
[8.471s]                  from [01m[K/usr/include/aarch64-linux-gnu/qt5/QtCore/QCoreApplication:1[m[K,
[8.471s]                  from [01m[K/home/sirius2beta/cetus/src/link_manager/src/link_manager.cpp:5[m[K:
[8.477s] [01m[K/usr/include/aarch64-linux-gnu/qt5/QtCore/qeventloop.h:79:10:[m[K [01;31m[Kerror: [m[Kâ€˜[01m[Kbool SubscribeWorker::QEventLoop::event(SubscribeWorker::QEvent*)[m[Kâ€™ marked â€˜[01m[Koverride[m[Kâ€™, but does not override
[8.478s]    79 |     bool [01;31m[Kevent[m[K(QEvent *event) override;
[8.478s]       |          [01;31m[K^~~~~[m[K
[8.479s] In file included from [01m[K/usr/include/aarch64-linux-gnu/qt5/QtCore/qglobal.h:1208[m[K,
[8.479s]                  from [01m[K/usr/include/aarch64-linux-gnu/qt5/QtCore/qnamespace.h:43[m[K,
[8.486s]                  from [01m[K/usr/include/aarch64-linux-gnu/qt5/QtCore/qobjectdefs.h:48[m[K,
[8.488s]                  from [01m[K/usr/include/aarch64-linux-gnu/qt5/QtCore/qobject.h:46[m[K,
[8.490s]                  from [01m[K/usr/include/aarch64-linux-gnu/qt5/QtCore/qthread.h:44[m[K,
[8.492s]                  from [01m[K/usr/include/aarch64-linux-gnu/qt5/QtCore/QThread:1[m[K,
[8.493s]                  from [01m[K/home/sirius2beta/cetus/src/link_manager/src/ros_worker.h:4[m[K,
[8.495s]                  from [01m[K/home/sirius2beta/cetus/src/link_manager/src/RosInterface.h:2[m[K,
[8.496s]                  from [01m[K/home/sirius2beta/cetus/src/link_manager/src/link_manager.cpp:4[m[K:
[8.498s] [01m[K/usr/include/aarch64-linux-gnu/qt5/QtCore/qeventloop.h:85:1:[m[K [01;31m[Kerror: [m[Kâ€˜[01m[Kconstexpr QFlags<SubscribeWorker::QEventLoop::ProcessEventsFlag> SubscribeWorker::operator|(QFlags<SubscribeWorker::QEventLoop::ProcessEventsFlag>::enum_type, QFlags<SubscribeWorker::QEventLoop::ProcessEventsFlag>::enum_type)[m[Kâ€™ must have exactly one argument
[8.500s]    85 | [01;31m[KQ_DECLARE_OPERATORS_FOR_FLAGS[m[K(QEventLoop::ProcessEventsFlags)
[8.501s]       | [01;31m[K^~~~~~~~~~~~~~~~~~~~~~~~~~~~~[m[K
[8.501s] [01m[K/usr/include/aarch64-linux-gnu/qt5/QtCore/qeventloop.h:85:1:[m[K [01;31m[Kerror: [m[Kâ€˜[01m[Kconstexpr QFlags<SubscribeWorker::QEventLoop::ProcessEventsFlag> SubscribeWorker::operator|(QFlags<SubscribeWorker::QEventLoop::ProcessEventsFlag>::enum_type, QFlags<SubscribeWorker::QEventLoop::ProcessEventsFlag>)[m[Kâ€™ must have exactly one argument
[8.501s]    85 | [01;31m[KQ_DECLARE_OPERATORS_FOR_FLAGS[m[K(QEventLoop::ProcessEventsFlags)
[8.502s]       | [01;31m[K^~~~~~~~~~~~~~~~~~~~~~~~~~~~~[m[K
[8.502s] [01m[K/usr/include/aarch64-linux-gnu/qt5/QtCore/qeventloop.h:85:1:[m[K [01;31m[Kerror: [m[Kâ€˜[01m[Kconstexpr QIncompatibleFlag SubscribeWorker::operator|(QFlags<SubscribeWorker::QEventLoop::ProcessEventsFlag>::enum_type, int)[m[Kâ€™ must have exactly one argument
[8.502s]    85 | [01;31m[KQ_DECLARE_OPERATORS_FOR_FLAGS[m[K(QEventLoop::ProcessEventsFlags)
[8.503s]       | [01;31m[K^~~~~~~~~~~~~~~~~~~~~~~~~~~~~[m[K
[8.503s] In file included from [01m[K/usr/include/aarch64-linux-gnu/qt5/QtCore/QCoreApplication:1[m[K,
[8.503s]                  from [01m[K/home/sirius2beta/cetus/src/link_manager/src/link_manager.cpp:5[m[K:
[8.504s] [01m[K/usr/include/aarch64-linux-gnu/qt5/QtCore/qcoreapplication.h:74:14:[m[K [01;31m[Kerror: [m[Kinvalid use of incomplete type â€˜[01m[Kclass SubscribeWorker::QObject[m[Kâ€™
[8.504s]    74 |     : public [01;31m[KQObject[m[K
[8.504s]       |              [01;31m[K^~~~~~~[m[K
[8.505s] In file included from [01m[K/usr/include/aarch64-linux-gnu/qt5/QtCore/qcoreapplication.h:47[m[K,
[8.505s]                  from [01m[K/usr/include/aarch64-linux-gnu/qt5/QtCore/QCoreApplication:1[m[K,
[8.505s]                  from [01m[K/home/sirius2beta/cetus/src/link_manager/src/link_manager.cpp:5[m[K:
[8.506s] [01m[K/usr/include/aarch64-linux-gnu/qt5/QtCore/qcoreevent.h:347:7:[m[K [01;36m[Knote: [m[Kforward declaration of â€˜[01m[Kclass SubscribeWorker::QObject[m[Kâ€™
[8.506s]   347 | class [01;36m[KQObject[m[K;
[8.506s]       |       [01;36m[K^~~~~~~[m[K
[8.507s] In file included from [01m[K/usr/include/aarch64-linux-gnu/qt5/QtCore/QCoreApplication:1[m[K,
[8.507s]                  from [01m[K/home/sirius2beta/cetus/src/link_manager/src/link_manager.cpp:5[m[K:
[8.518s] [01m[K/usr/include/aarch64-linux-gnu/qt5/QtCore/qcoreapplication.h:190:10:[m[K [01;31m[Kerror: [m[Kâ€˜[01m[Kbool SubscribeWorker::QCoreApplication::event(SubscribeWorker::QEvent*)[m[Kâ€™ marked â€˜[01m[Koverride[m[Kâ€™, but does not override
[8.521s]   190 |     bool [01;31m[Kevent[m[K(QEvent *) override;
[8.523s]       |          [01;31m[K^~~~~[m[K
[8.530s] [01m[K/home/sirius2beta/cetus/src/link_manager/src/link_manager.cpp:20:1:[m[K [01;31m[Kerror: [m[Kexpected â€˜[01m[K}[m[Kâ€™ at end of input
[8.531s]    20 | [01;31m[K}[m[K
[8.533s]       | [01;31m[K^[m[K
[8.535s] In file included from [01m[K/home/sirius2beta/cetus/src/link_manager/src/RosInterface.h:2[m[K,
[8.536s]                  from [01m[K/home/sirius2beta/cetus/src/link_manager/src/link_manager.cpp:4[m[K:
[8.538s] [01m[K/home/sirius2beta/cetus/src/link_manager/src/ros_worker.h:7:1:[m[K [01;36m[Knote: [m[Kto match this â€˜[01m[K{[m[Kâ€™
[8.538s]     7 | [01;36m[K{[m[K
[8.544s]       | [01;36m[K^[m[K
[8.562s] In file included from [01m[K/usr/include/aarch64-linux-gnu/qt5/QtCore/qnamespace.h:43[m[K,
[8.563s]                  from [01m[K/usr/include/aarch64-linux-gnu/qt5/QtCore/qobjectdefs.h:48[m[K,
[8.564s]                  from [01m[K/usr/include/aarch64-linux-gnu/qt5/QtCore/qobject.h:46[m[K,
[8.564s]                  from [01m[K/usr/include/aarch64-linux-gnu/qt5/QtCore/qthread.h:44[m[K,
[8.564s]                  from [01m[K/usr/include/aarch64-linux-gnu/qt5/QtCore/QThread:1[m[K,
[8.565s]                  from [01m[K/home/sirius2beta/cetus/src/link_manager/src/ros_worker.h:4[m[K,
[8.565s]                  from [01m[K/home/sirius2beta/cetus/src/link_manager/src/RosInterface.h:2[m[K,
[8.565s]                  from [01m[K/home/sirius2beta/cetus/src/link_manager/src/link_manager.cpp:4[m[K:
[8.566s] [01m[K/usr/include/aarch64-linux-gnu/qt5/QtCore/qeventloop.h:[m[K In member function â€˜[01m[KSubscribeWorker::QEventLoopPrivate* SubscribeWorker::QEventLoop::d_func()[m[Kâ€™:
[8.566s] [01m[K/usr/include/aarch64-linux-gnu/qt5/QtCore/qeventloop.h:53:5:[m[K [01;31m[Kerror: [m[Kâ€˜[01m[Kd_ptr[m[Kâ€™ was not declared in this scope; did you mean â€˜[01m[Ksi_ptr[m[Kâ€™?
[8.566s]    53 |     [01;31m[KQ_DECLARE_PRIVATE[m[K(QEventLoop)
[8.567s]       |     [01;31m[K^~~~~~~~~~~~~~~~~[m[K
[8.573s] [01m[K/usr/include/aarch64-linux-gnu/qt5/QtCore/qeventloop.h:[m[K In member function â€˜[01m[Kconst SubscribeWorker::QEventLoopPrivate* SubscribeWorker::QEventLoop::d_func() const[m[Kâ€™:
[8.574s] [01m[K/usr/include/aarch64-linux-gnu/qt5/QtCore/qeventloop.h:53:5:[m[K [01;31m[Kerror: [m[Kâ€˜[01m[Kd_ptr[m[Kâ€™ was not declared in this scope; did you mean â€˜[01m[Ksi_ptr[m[Kâ€™?
[8.574s]    53 |     [01;31m[KQ_DECLARE_PRIVATE[m[K(QEventLoop)
[8.575s]       |     [01;31m[K^~~~~~~~~~~~~~~~~[m[K
[8.581s] [01m[K/usr/include/aarch64-linux-gnu/qt5/QtCore/qcoreapplication.h:[m[K In member function â€˜[01m[KSubscribeWorker::QCoreApplicationPrivate* SubscribeWorker::QCoreApplication::d_func()[m[Kâ€™:
[8.582s] [01m[K/usr/include/aarch64-linux-gnu/qt5/QtCore/qcoreapplication.h:86:5:[m[K [01;31m[Kerror: [m[Kâ€˜[01m[Kd_ptr[m[Kâ€™ was not declared in this scope; did you mean â€˜[01m[Ksi_ptr[m[Kâ€™?
[8.582s]    86 |     [01;31m[KQ_DECLARE_PRIVATE[m[K(QCoreApplication)
[8.582s]       |     [01;31m[K^~~~~~~~~~~~~~~~~[m[K
[8.593s] In file included from [01m[K/home/sirius2beta/cetus/src/link_manager/src/RosInterface.h:2[m[K,
[8.596s]                  from [01m[K/home/sirius2beta/cetus/src/link_manager/src/RosInterface.cpp:1[m[K:
[8.597s] [01m[K/home/sirius2beta/cetus/src/link_manager/src/ros_worker.h:9:36:[m[K [01;31m[Kerror: [m[Kexpected â€˜[01m[K)[m[Kâ€™ before â€˜[01m[Kcallback[m[Kâ€™
[8.599s]     9 |     SubscribeWorker[34m[K([m[KMavlinkCallback[01;31m[K [m[K[32m[Kcallback[m[K) : Node("link_manager_subscribe_worker"), callback_(callback)
[8.599s]       |                    [34m[K~[m[K               [01;31m[K^[m[K[32m[K~~~~~~~~[m[K
[8.600s]       |                                    [32m[K)[m[K
[8.601s] [01m[K/usr/include/aarch64-linux-gnu/qt5/QtCore/qcoreapplication.h:[m[K In member function â€˜[01m[Kconst SubscribeWorker::QCoreApplicationPrivate* SubscribeWorker::QCoreApplication::d_func() const[m[Kâ€™:
[8.601s] [01m[K/usr/include/aarch64-linux-gnu/qt5/QtCore/qcoreapplication.h:86:5:[m[K [01;31m[Kerror: [m[Kâ€˜[01m[Kd_ptr[m[Kâ€™ was not declared in this scope; did you mean â€˜[01m[Ksi_ptr[m[Kâ€™?
[8.601s]    86 |     [01;31m[KQ_DECLARE_PRIVATE[m[K(QCoreApplication)
[8.602s]       |     [01;31m[K^~~~~~~~~~~~~~~~~[m[K
[8.602s] [01m[K/home/sirius2beta/cetus/src/link_manager/src/link_manager.cpp:[m[K In member function â€˜[01m[Kint SubscribeWorker::main(int, char**)[m[Kâ€™:
[8.602s] [01m[K/home/sirius2beta/cetus/src/link_manager/src/link_manager.cpp:13:14:[m[K [01;31m[Kerror: [m[Kincomplete type â€˜[01m[KSubscribeWorker::QObject[m[Kâ€™ used in nested name specifier
[8.603s]    13 |     QObject::[01;31m[Kconnect[m[K(ros_interface, &QThread::finished, []() {
[8.603s]       |              [01;31m[K^~~~~~~[m[K
[8.609s] [01m[K/home/sirius2beta/cetus/src/link_manager/src/link_manager.cpp:[m[K At global scope:
[8.609s] [01m[K/home/sirius2beta/cetus/src/link_manager/src/link_manager.cpp:20:1:[m[K [01;31m[Kerror: [m[Kexpected unqualified-id at end of input
[8.610s]    20 | [01;31m[K}[m[K
[8.610s]       | [01;31m[K^[m[K
[8.614s] In file included from [01m[K/home/sirius2beta/cetus/src/link_manager/src/mavlink/hypex/mavlink.h:32[m[K,
[8.614s]                  from [01m[K/home/sirius2beta/cetus/src/link_manager/src/RosInterface.h:4[m[K,
[8.614s]                  from [01m[K/home/sirius2beta/cetus/src/link_manager/src/RosInterface.cpp:1[m[K:
[8.615s] [01m[K/home/sirius2beta/cetus/src/link_manager/src/mavlink/hypex/hypex.h:16:8:[m[K [01;31m[Kerror: [m[Kexpected unqualified-id before string constant
[8.615s]    16 | extern [01;31m[K"C"[m[K {
[8.615s]       |        [01;31m[K^~~[m[K
[8.643s] In file included from [01m[K/home/sirius2beta/cetus/src/link_manager/src/RosInterface.cpp:1[m[K:
[8.643s] [01m[K/home/sirius2beta/cetus/src/link_manager/src/RosInterface.h:12:30:[m[K [01;31m[Kerror: [m[Kâ€˜[01m[Kmavlink_message_t[m[Kâ€™ does not name a type
[8.645s]    12 |     void mavlinkToSend(const [01;31m[Kmavlink_message_t[m[K &message);
[8.645s]       |                              [01;31m[K^~~~~~~~~~~~~~~~~[m[K
[8.664s] [01m[K/home/sirius2beta/cetus/src/link_manager/src/RosInterface.h:14:33:[m[K [01;31m[Kerror: [m[Kâ€˜[01m[Kmavlink_message_t[m[Kâ€™ does not name a type
[8.665s]    14 |     void onMavlinkToParse(const [01;31m[Kmavlink_message_t[m[K &message);
[8.665s]       |                                 [01;31m[K^~~~~~~~~~~~~~~~~[m[K
[8.683s] [01m[K/home/sirius2beta/cetus/src/link_manager/src/RosInterface.cpp:3:24:[m[K [01;31m[Kerror: [m[Kcannot define member function â€˜[01m[KSubscribeWorker::RosInterface::run[m[Kâ€™ within â€˜[01m[KSubscribeWorker[m[Kâ€™
[8.684s]     3 | void RosInterface::run([01;31m[K)[m[K
[8.684s]       |                        [01;31m[K^[m[K
[8.705s] [01m[K/home/sirius2beta/cetus/src/link_manager/src/RosInterface.cpp:28:43:[m[K [01;31m[Kerror: [m[Kâ€˜[01m[Kmavlink_message_t[m[Kâ€™ does not name a type
[8.705s]    28 | void RosInterface::onMavlinkToParse(const [01;31m[Kmavlink_message_t[m[K &message)
[8.705s]       |                                           [01;31m[K^~~~~~~~~~~~~~~~~[m[K
[8.706s] [01m[K/home/sirius2beta/cetus/src/link_manager/src/RosInterface.cpp:28:69:[m[K [01;31m[Kerror: [m[Kcannot define member function â€˜[01m[KSubscribeWorker::RosInterface::onMavlinkToParse[m[Kâ€™ within â€˜[01m[KSubscribeWorker[m[Kâ€™
[8.706s]    28 | void RosInterface::onMavlinkToParse(const mavlink_message_t &message[01;31m[K)[m[K
[8.706s]       |                                                                     [01;31m[K^[m[K
[8.707s] [01m[K/home/sirius2beta/cetus/src/link_manager/src/RosInterface.cpp:49:101:[m[K [01;31m[Kerror: [m[Kcannot define member function â€˜[01m[KSubscribeWorker::RosInterface::handleMavlinkAssembly[m[Kâ€™ within â€˜[01m[KSubscribeWorker[m[Kâ€™
[8.707s]    49 | void RosInterface::handleMavlinkAssembly(const std::vector<uint8_t>& raw_payload, uint8_t topic_type[01;31m[K)[m[K
[8.709s]       |                                                                                                     [01;31m[K^[m[K
[8.709s] [01m[K/home/sirius2beta/cetus/src/link_manager/src/RosInterface.cpp:69:1:[m[K [01;31m[Kerror: [m[Kexpected â€˜[01m[K}[m[Kâ€™ at end of input
[8.709s]    69 | [01;31m[K}[m[K
[8.710s]       | [01;31m[K^[m[K
[8.710s] In file included from [01m[K/home/sirius2beta/cetus/src/link_manager/src/RosInterface.h:2[m[K,
[8.710s]                  from [01m[K/home/sirius2beta/cetus/src/link_manager/src/RosInterface.cpp:1[m[K:
[8.710s] [01m[K/home/sirius2beta/cetus/src/link_manager/src/ros_worker.h:7:1:[m[K [01;36m[Knote: [m[Kto match this â€˜[01m[K{[m[Kâ€™
[8.711s]     7 | [01;36m[K{[m[K
[8.711s]       | [01;36m[K^[m[K
[8.812s] In file included from [01m[K/home/sirius2beta/cetus/src/link_manager/src/RosInterface.cpp:1[m[K:
[8.812s] [01m[K/home/sirius2beta/cetus/src/link_manager/src/RosInterface.h:9:73:[m[K [01;31m[Kerror: [m[Kexpected unqualified-id at end of input
[8.813s]     9 |     explicit RosInterface(QObject *parent = nullptr) : QThread(parent) {[01;31m[K}[m[K
[8.814s]       |                                                                         [01;31m[K^[m[K
[11.016s] make[2]: *** [CMakeFiles/link_manager.dir/build.make:76: CMakeFiles/link_manager.dir/link_manager_autogen/mocs_compilation.cpp.o] Error 1
[11.017s] make[2]: *** Waiting for unfinished jobs....
[11.121s] make[2]: *** [CMakeFiles/link_manager.dir/build.make:90: CMakeFiles/link_manager.dir/src/link_manager.cpp.o] Error 1
[11.337s] make[2]: *** [CMakeFiles/link_manager.dir/build.make:104: CMakeFiles/link_manager.dir/src/RosInterface.cpp.o] Error 1
[11.338s] make[1]: *** [CMakeFiles/Makefile2:138: CMakeFiles/link_manager.dir/all] Error 2
[11.340s] make: *** [Makefile:146: all] Error 2
[11.380s] Invoked command in '/home/sirius2beta/cetus/build/link_manager' returned '2': CMAKE_PREFIX_PATH=/home/sirius2beta/cetus/install/more_interfaces:/home/sirius2beta/cetus/install/link_manager:/home/sirius2beta/cetus/install/video_control:/opt/ros/foxy LD_LIBRARY_PATH=/home/sirius2beta/cetus/install/more_interfaces/lib:/opt/ros/foxy/opt/yaml_cpp_vendor/lib:/opt/ros/foxy/lib/aarch64-linux-gnu:/opt/ros/foxy/lib:/usr/local/cuda-11.4/lib64:/usr/local/cuda-11.4/lib64 PYTHONPATH=/home/sirius2beta/cetus/install/more_interfaces/lib/python3.8/site-packages:/home/sirius2beta/cetus/install/video_control/lib/python3.8/site-packages:/opt/ros/foxy/lib/python3.8/site-packages /home/sirius2beta/.local/bin/cmake --build /home/sirius2beta/cetus/build/link_manager -- -j4 -l4
