[0.082s] Invoking command in '/home/sirius2beta/cetus/build/link_manager': CMAKE_PREFIX_PATH=/home/sirius2beta/cetus/install/more_interfaces:/home/sirius2beta/cetus/install/link_manager:/home/sirius2beta/cetus/install/video_control:/opt/ros/foxy LD_LIBRARY_PATH=/home/sirius2beta/cetus/install/more_interfaces/lib:/opt/ros/foxy/opt/yaml_cpp_vendor/lib:/opt/ros/foxy/lib/aarch64-linux-gnu:/opt/ros/foxy/lib:/usr/local/cuda-11.4/lib64:/usr/local/cuda-11.4/lib64 PYTHONPATH=/home/sirius2beta/cetus/install/more_interfaces/lib/python3.8/site-packages:/home/sirius2beta/cetus/install/video_control/lib/python3.8/site-packages:/opt/ros/foxy/lib/python3.8/site-packages /home/sirius2beta/.local/bin/cmake --build /home/sirius2beta/cetus/build/link_manager -- -j4 -l4
[0.395s] [ 20%] [34m[1mAutomatic MOC and UIC for target link_manager[0m
[0.429s] [ 20%] Built target link_manager_autogen
[0.562s] [ 40%] [32mBuilding CXX object CMakeFiles/link_manager.dir/src/link_manager.cpp.o[0m
[7.345s] [01m[K/home/sirius2beta/cetus/src/link_manager/src/link_manager.cpp:[m[K In function â€˜[01m[Kint main(int, char**)[m[Kâ€™:
[7.345s] [01m[K/home/sirius2beta/cetus/src/link_manager/src/link_manager.cpp:11:52:[m[K [01;31m[Kerror: [m[Kinvalid use of â€˜[01m[Kthis[m[Kâ€™ in non-member function
[7.346s]    11 |     RosInterface* ros_interface = new RosInterface([01;31m[Kthis[m[K);
[7.347s]       |                                                    [01;31m[K^~~~[m[K
[7.352s] [01m[K/home/sirius2beta/cetus/src/link_manager/src/link_manager.cpp:12:5:[m[K [01;31m[Kerror: [m[Kâ€˜[01m[Kconnect[m[Kâ€™ was not declared in this scope
[7.353s]    12 |     [01;31m[Kconnect[m[K(ros_interface, &QThread::finished, []() {
[7.353s]       |     [01;31m[K^~~~~~~[m[K
[11.508s] make[2]: *** [CMakeFiles/link_manager.dir/build.make:90: CMakeFiles/link_manager.dir/src/link_manager.cpp.o] Error 1
[11.509s] make[1]: *** [CMakeFiles/Makefile2:138: CMakeFiles/link_manager.dir/all] Error 2
[11.511s] make: *** [Makefile:146: all] Error 2
[11.551s] Invoked command in '/home/sirius2beta/cetus/build/link_manager' returned '2': CMAKE_PREFIX_PATH=/home/sirius2beta/cetus/install/more_interfaces:/home/sirius2beta/cetus/install/link_manager:/home/sirius2beta/cetus/install/video_control:/opt/ros/foxy LD_LIBRARY_PATH=/home/sirius2beta/cetus/install/more_interfaces/lib:/opt/ros/foxy/opt/yaml_cpp_vendor/lib:/opt/ros/foxy/lib/aarch64-linux-gnu:/opt/ros/foxy/lib:/usr/local/cuda-11.4/lib64:/usr/local/cuda-11.4/lib64 PYTHONPATH=/home/sirius2beta/cetus/install/more_interfaces/lib/python3.8/site-packages:/home/sirius2beta/cetus/install/video_control/lib/python3.8/site-packages:/opt/ros/foxy/lib/python3.8/site-packages /home/sirius2beta/.local/bin/cmake --build /home/sirius2beta/cetus/build/link_manager -- -j4 -l4
