[0.071s] Invoking command in '/home/sirius2beta/cetus/build/link_manager': CMAKE_PREFIX_PATH=/home/sirius2beta/cetus/install/more_interfaces:/home/sirius2beta/cetus/install/link_manager:/home/sirius2beta/cetus/install/video_control:/opt/ros/foxy LD_LIBRARY_PATH=/home/sirius2beta/cetus/install/more_interfaces/lib:/opt/ros/foxy/opt/yaml_cpp_vendor/lib:/opt/ros/foxy/lib/aarch64-linux-gnu:/opt/ros/foxy/lib:/usr/local/cuda-11.4/lib64:/usr/local/cuda-11.4/lib64 PYTHONPATH=/home/sirius2beta/cetus/install/more_interfaces/lib/python3.8/site-packages:/home/sirius2beta/cetus/install/video_control/lib/python3.8/site-packages:/opt/ros/foxy/lib/python3.8/site-packages /home/sirius2beta/.local/bin/cmake --build /home/sirius2beta/cetus/build/link_manager -- -j4 -l4
[0.406s] [ 20%] [34m[1mAutomatic MOC and UIC for target link_manager[0m
[0.440s] [ 20%] Built target link_manager_autogen
[0.575s] [ 40%] [32mBuilding CXX object CMakeFiles/link_manager.dir/link_manager_autogen/mocs_compilation.cpp.o[0m
[0.579s] [ 60%] [32mBuilding CXX object CMakeFiles/link_manager.dir/src/RosInterface.cpp.o[0m
[0.584s] [ 80%] [32mBuilding CXX object CMakeFiles/link_manager.dir/src/link_manager.cpp.o[0m
[8.613s] In file included from [01m[K/home/sirius2beta/cetus/src/link_manager/src/RosInterface.h:2[m[K,
[8.614s]                  from [01m[K/home/sirius2beta/cetus/src/link_manager/src/RosInterface.cpp:1[m[K:
[8.615s] [01m[K/home/sirius2beta/cetus/src/link_manager/src/ros_worker.h:[m[K In member function â€˜[01m[Kvoid SubscribeWorker::mavlink_callback(more_interfaces::msg::MavlinkPacket_<std::allocator<void> >::SharedPtr)[m[Kâ€™:
[8.615s] [01m[K/home/sirius2beta/cetus/src/link_manager/src/ros_worker.h:22:42:[m[K [01;31m[Kerror: [m[Kâ€˜[01m[KfromStdVector[m[Kâ€™ is not a member of â€˜[01m[KQByteArray[m[Kâ€™
[8.616s]    22 |         QByteArray payload = QByteArray::[01;31m[KfromStdVector[m[K(msg->payload);
[8.616s]       |                                          [01;31m[K^~~~~~~~~~~~~[m[K
[8.820s] In file included from [01m[K/home/sirius2beta/cetus/build/link_manager/link_manager_autogen/UVLADIE3JM/../../../../src/link_manager/src/RosInterface.h:2[m[K,
[8.821s]                  from [01m[K/home/sirius2beta/cetus/build/link_manager/link_manager_autogen/UVLADIE3JM/moc_RosInterface.cpp:9[m[K,
[8.822s]                  from [01m[K/home/sirius2beta/cetus/build/link_manager/link_manager_autogen/mocs_compilation.cpp:2[m[K:
[8.822s] [01m[K/home/sirius2beta/cetus/build/link_manager/link_manager_autogen/UVLADIE3JM/../../../../src/link_manager/src/ros_worker.h:[m[K In member function â€˜[01m[Kvoid SubscribeWorker::mavlink_callback(more_interfaces::msg::MavlinkPacket_<std::allocator<void> >::SharedPtr)[m[Kâ€™:
[8.822s] [01m[K/home/sirius2beta/cetus/build/link_manager/link_manager_autogen/UVLADIE3JM/../../../../src/link_manager/src/ros_worker.h:22:42:[m[K [01;31m[Kerror: [m[Kâ€˜[01m[KfromStdVector[m[Kâ€™ is not a member of â€˜[01m[KQByteArray[m[Kâ€™
[8.823s]    22 |         QByteArray payload = QByteArray::[01;31m[KfromStdVector[m[K(msg->payload);
[8.823s]       |                                          [01;31m[K^~~~~~~~~~~~~[m[K
[9.589s] In file included from [01m[K/home/sirius2beta/cetus/src/link_manager/src/RosInterface.h:2[m[K,
[9.590s]                  from [01m[K/home/sirius2beta/cetus/src/link_manager/src/link_manager.cpp:4[m[K:
[9.590s] [01m[K/home/sirius2beta/cetus/src/link_manager/src/ros_worker.h:[m[K In member function â€˜[01m[Kvoid SubscribeWorker::mavlink_callback(more_interfaces::msg::MavlinkPacket_<std::allocator<void> >::SharedPtr)[m[Kâ€™:
[9.591s] [01m[K/home/sirius2beta/cetus/src/link_manager/src/ros_worker.h:22:42:[m[K [01;31m[Kerror: [m[Kâ€˜[01m[KfromStdVector[m[Kâ€™ is not a member of â€˜[01m[KQByteArray[m[Kâ€™
[9.591s]    22 |         QByteArray payload = QByteArray::[01;31m[KfromStdVector[m[K(msg->payload);
[9.595s]       |                                          [01;31m[K^~~~~~~~~~~~~[m[K
[14.289s] make[2]: *** [CMakeFiles/link_manager.dir/build.make:76: CMakeFiles/link_manager.dir/link_manager_autogen/mocs_compilation.cpp.o] Error 1
[14.289s] make[2]: *** Waiting for unfinished jobs....
[14.974s] make[2]: *** [CMakeFiles/link_manager.dir/build.make:90: CMakeFiles/link_manager.dir/src/link_manager.cpp.o] Error 1
[15.096s] make[2]: *** [CMakeFiles/link_manager.dir/build.make:104: CMakeFiles/link_manager.dir/src/RosInterface.cpp.o] Error 1
[15.097s] make[1]: *** [CMakeFiles/Makefile2:138: CMakeFiles/link_manager.dir/all] Error 2
[15.098s] make: *** [Makefile:146: all] Error 2
[15.140s] Invoked command in '/home/sirius2beta/cetus/build/link_manager' returned '2': CMAKE_PREFIX_PATH=/home/sirius2beta/cetus/install/more_interfaces:/home/sirius2beta/cetus/install/link_manager:/home/sirius2beta/cetus/install/video_control:/opt/ros/foxy LD_LIBRARY_PATH=/home/sirius2beta/cetus/install/more_interfaces/lib:/opt/ros/foxy/opt/yaml_cpp_vendor/lib:/opt/ros/foxy/lib/aarch64-linux-gnu:/opt/ros/foxy/lib:/usr/local/cuda-11.4/lib64:/usr/local/cuda-11.4/lib64 PYTHONPATH=/home/sirius2beta/cetus/install/more_interfaces/lib/python3.8/site-packages:/home/sirius2beta/cetus/install/video_control/lib/python3.8/site-packages:/opt/ros/foxy/lib/python3.8/site-packages /home/sirius2beta/.local/bin/cmake --build /home/sirius2beta/cetus/build/link_manager -- -j4 -l4
