[0.072s] Invoking command in '/home/sirius2beta/cetus/build/link_manager': CMAKE_PREFIX_PATH=/home/sirius2beta/cetus/install/more_interfaces:/home/sirius2beta/cetus/install/link_manager:/home/sirius2beta/cetus/install/video_control:/opt/ros/foxy LD_LIBRARY_PATH=/home/sirius2beta/cetus/install/more_interfaces/lib:/opt/ros/foxy/opt/yaml_cpp_vendor/lib:/opt/ros/foxy/lib/aarch64-linux-gnu:/opt/ros/foxy/lib:/usr/local/cuda-11.4/lib64:/usr/local/cuda-11.4/lib64 PYTHONPATH=/home/sirius2beta/cetus/install/more_interfaces/lib/python3.8/site-packages:/home/sirius2beta/cetus/install/video_control/lib/python3.8/site-packages:/opt/ros/foxy/lib/python3.8/site-packages /home/sirius2beta/.local/bin/cmake --build /home/sirius2beta/cetus/build/link_manager -- -j4 -l4
[0.390s] [ 20%] [34m[1mAutomatic MOC and UIC for target link_manager[0m
[2.162s] [ 20%] Built target link_manager_autogen
[2.307s] [ 40%] [32mBuilding CXX object CMakeFiles/link_manager.dir/link_manager_autogen/mocs_compilation.cpp.o[0m
[2.310s] [ 60%] [32mBuilding CXX object CMakeFiles/link_manager.dir/src/link_manager.cpp.o[0m
[2.315s] [ 80%] [32mBuilding CXX object CMakeFiles/link_manager.dir/src/RosInterface.cpp.o[0m
[11.144s] In file included from [01m[K/home/sirius2beta/cetus/src/link_manager/src/RosInterface.h:2[m[K,
[11.145s]                  from [01m[K/home/sirius2beta/cetus/src/link_manager/src/link_manager.cpp:4[m[K:
[11.145s] [01m[K/home/sirius2beta/cetus/src/link_manager/src/ros_worker.h:9:36:[m[K [01;31m[Kerror: [m[Kexpected â€˜[01m[K)[m[Kâ€™ before â€˜[01m[Kcallback[m[Kâ€™
[11.146s]     9 |     SubscribeWorker[34m[K([m[KMavlinkCallback[01;31m[K [m[K[32m[Kcallback[m[K) : Node("link_manager_subscribe_worker"), callback_(callback)
[11.146s]       |                    [34m[K~[m[K               [01;31m[K^[m[K[32m[K~~~~~~~~[m[K
[11.146s]       |                                    [32m[K)[m[K
[11.168s] In file included from [01m[K/home/sirius2beta/cetus/src/link_manager/src/mavlink/hypex/mavlink.h:32[m[K,
[11.168s]                  from [01m[K/home/sirius2beta/cetus/src/link_manager/src/RosInterface.h:4[m[K,
[11.169s]                  from [01m[K/home/sirius2beta/cetus/src/link_manager/src/link_manager.cpp:4[m[K:
[11.169s] [01m[K/home/sirius2beta/cetus/src/link_manager/src/mavlink/hypex/hypex.h:16:8:[m[K [01;31m[Kerror: [m[Kexpected unqualified-id before string constant
[11.169s]    16 | extern [01;31m[K"C"[m[K {
[11.170s]       |        [01;31m[K^~~[m[K
[11.192s] In file included from [01m[K/home/sirius2beta/cetus/src/link_manager/src/link_manager.cpp:4[m[K:
[11.192s] [01m[K/home/sirius2beta/cetus/src/link_manager/src/RosInterface.h:12:30:[m[K [01;31m[Kerror: [m[Kâ€˜[01m[Kmavlink_message_t[m[Kâ€™ does not name a type
[11.193s]    12 |     void mavlinkToSend(const [01;31m[Kmavlink_message_t[m[K &message);
[11.193s]       |                              [01;31m[K^~~~~~~~~~~~~~~~~[m[K
[11.208s] [01m[K/home/sirius2beta/cetus/src/link_manager/src/RosInterface.h:14:33:[m[K [01;31m[Kerror: [m[Kâ€˜[01m[Kmavlink_message_t[m[Kâ€™ does not name a type
[11.208s]    14 |     void onMavlinkToParse(const [01;31m[Kmavlink_message_t[m[K &message);
[11.209s]       |                                 [01;31m[K^~~~~~~~~~~~~~~~~[m[K
[11.233s] In file included from [01m[K/usr/include/aarch64-linux-gnu/qt5/QtCore/qcoreapplication.h:48[m[K,
[11.233s]                  from [01m[K/usr/include/aarch64-linux-gnu/qt5/QtCore/QCoreApplication:1[m[K,
[11.233s]                  from [01m[K/home/sirius2beta/cetus/src/link_manager/src/link_manager.cpp:5[m[K:
[11.234s] [01m[K/usr/include/aarch64-linux-gnu/qt5/QtCore/qeventloop.h:50:41:[m[K [01;31m[Kerror: [m[Kinvalid use of incomplete type â€˜[01m[Kclass SubscribeWorker::QObject[m[Kâ€™
[11.234s]    50 | class Q_CORE_EXPORT QEventLoop : public [01;31m[KQObject[m[K
[11.234s]       |                                         [01;31m[K^~~~~~~[m[K
[11.235s] In file included from [01m[K/usr/include/aarch64-linux-gnu/qt5/QtCore/qcoreapplication.h:47[m[K,
[11.238s]                  from [01m[K/usr/include/aarch64-linux-gnu/qt5/QtCore/QCoreApplication:1[m[K,
[11.239s]                  from [01m[K/home/sirius2beta/cetus/src/link_manager/src/link_manager.cpp:5[m[K:
[11.239s] [01m[K/usr/include/aarch64-linux-gnu/qt5/QtCore/qcoreevent.h:347:7:[m[K [01;36m[Knote: [m[Kforward declaration of â€˜[01m[Kclass SubscribeWorker::QObject[m[Kâ€™
[11.239s]   347 | class [01;36m[KQObject[m[K;
[11.240s]       |       [01;36m[K^~~~~~~[m[K
[11.240s] In file included from [01m[K/usr/include/aarch64-linux-gnu/qt5/QtCore/qcoreapplication.h:48[m[K,
[11.240s]                  from [01m[K/usr/include/aarch64-linux-gnu/qt5/QtCore/QCoreApplication:1[m[K,
[11.241s]                  from [01m[K/home/sirius2beta/cetus/src/link_manager/src/link_manager.cpp:5[m[K:
[11.241s] [01m[K/usr/include/aarch64-linux-gnu/qt5/QtCore/qeventloop.h:79:10:[m[K [01;31m[Kerror: [m[Kâ€˜[01m[Kbool SubscribeWorker::QEventLoop::event(SubscribeWorker::QEvent*)[m[Kâ€™ marked â€˜[01m[Koverride[m[Kâ€™, but does not override
[11.242s]    79 |     bool [01;31m[Kevent[m[K(QEvent *event) override;
[11.242s]       |          [01;31m[K^~~~~[m[K
[11.243s] In file included from [01m[K/usr/include/aarch64-linux-gnu/qt5/QtCore/qglobal.h:1208[m[K,
[11.243s]                  from [01m[K/usr/include/aarch64-linux-gnu/qt5/QtCore/qnamespace.h:43[m[K,
[11.243s]                  from [01m[K/usr/include/aarch64-linux-gnu/qt5/QtCore/qobjectdefs.h:48[m[K,
[11.248s]                  from [01m[K/usr/include/aarch64-linux-gnu/qt5/QtCore/qobject.h:46[m[K,
[11.250s]                  from [01m[K/usr/include/aarch64-linux-gnu/qt5/QtCore/qthread.h:44[m[K,
[11.250s]                  from [01m[K/usr/include/aarch64-linux-gnu/qt5/QtCore/QThread:1[m[K,
[11.251s]                  from [01m[K/home/sirius2beta/cetus/src/link_manager/src/ros_worker.h:4[m[K,
[11.251s]                  from [01m[K/home/sirius2beta/cetus/src/link_manager/src/RosInterface.h:2[m[K,
[11.251s]                  from [01m[K/home/sirius2beta/cetus/src/link_manager/src/link_manager.cpp:4[m[K:
[11.252s] [01m[K/usr/include/aarch64-linux-gnu/qt5/QtCore/qeventloop.h:85:1:[m[K [01;31m[Kerror: [m[Kâ€˜[01m[Kconstexpr QFlags<SubscribeWorker::QEventLoop::ProcessEventsFlag> SubscribeWorker::operator|(QFlags<SubscribeWorker::QEventLoop::ProcessEventsFlag>::enum_type, QFlags<SubscribeWorker::QEventLoop::ProcessEventsFlag>::enum_type)[m[Kâ€™ must have exactly one argument
[11.252s]    85 | [01;31m[KQ_DECLARE_OPERATORS_FOR_FLAGS[m[K(QEventLoop::ProcessEventsFlags)
[11.252s]       | [01;31m[K^~~~~~~~~~~~~~~~~~~~~~~~~~~~~[m[K
[11.253s] [01m[K/usr/include/aarch64-linux-gnu/qt5/QtCore/qeventloop.h:85:1:[m[K [01;31m[Kerror: [m[Kâ€˜[01m[Kconstexpr QFlags<SubscribeWorker::QEventLoop::ProcessEventsFlag> SubscribeWorker::operator|(QFlags<SubscribeWorker::QEventLoop::ProcessEventsFlag>::enum_type, QFlags<SubscribeWorker::QEventLoop::ProcessEventsFlag>)[m[Kâ€™ must have exactly one argument
[11.253s]    85 | [01;31m[KQ_DECLARE_OPERATORS_FOR_FLAGS[m[K(QEventLoop::ProcessEventsFlags)
[11.253s]       | [01;31m[K^~~~~~~~~~~~~~~~~~~~~~~~~~~~~[m[K
[11.253s] [01m[K/usr/include/aarch64-linux-gnu/qt5/QtCore/qeventloop.h:85:1:[m[K [01;31m[Kerror: [m[Kâ€˜[01m[Kconstexpr QIncompatibleFlag SubscribeWorker::operator|(QFlags<SubscribeWorker::QEventLoop::ProcessEventsFlag>::enum_type, int)[m[Kâ€™ must have exactly one argument
[11.254s]    85 | [01;31m[KQ_DECLARE_OPERATORS_FOR_FLAGS[m[K(QEventLoop::ProcessEventsFlags)
[11.254s]       | [01;31m[K^~~~~~~~~~~~~~~~~~~~~~~~~~~~~[m[K
[11.254s] In file included from [01m[K/usr/include/aarch64-linux-gnu/qt5/QtCore/QCoreApplication:1[m[K,
[11.257s]                  from [01m[K/home/sirius2beta/cetus/src/link_manager/src/link_manager.cpp:5[m[K:
[11.257s] [01m[K/usr/include/aarch64-linux-gnu/qt5/QtCore/qcoreapplication.h:74:14:[m[K [01;31m[Kerror: [m[Kinvalid use of incomplete type â€˜[01m[Kclass SubscribeWorker::QObject[m[Kâ€™
[11.258s]    74 |     : public [01;31m[KQObject[m[K
[11.258s]       |              [01;31m[K^~~~~~~[m[K
[11.258s] In file included from [01m[K/usr/include/aarch64-linux-gnu/qt5/QtCore/qcoreapplication.h:47[m[K,
[11.258s]                  from [01m[K/usr/include/aarch64-linux-gnu/qt5/QtCore/QCoreApplication:1[m[K,
[11.259s]                  from [01m[K/home/sirius2beta/cetus/src/link_manager/src/link_manager.cpp:5[m[K:
[11.259s] [01m[K/usr/include/aarch64-linux-gnu/qt5/QtCore/qcoreevent.h:347:7:[m[K [01;36m[Knote: [m[Kforward declaration of â€˜[01m[Kclass SubscribeWorker::QObject[m[Kâ€™
[11.259s]   347 | class [01;36m[KQObject[m[K;
[11.260s]       |       [01;36m[K^~~~~~~[m[K
[11.260s] In file included from [01m[K/usr/include/aarch64-linux-gnu/qt5/QtCore/QCoreApplication:1[m[K,
[11.260s]                  from [01m[K/home/sirius2beta/cetus/src/link_manager/src/link_manager.cpp:5[m[K:
[11.261s] [01m[K/usr/include/aarch64-linux-gnu/qt5/QtCore/qcoreapplication.h:190:10:[m[K [01;31m[Kerror: [m[Kâ€˜[01m[Kbool SubscribeWorker::QCoreApplication::event(SubscribeWorker::QEvent*)[m[Kâ€™ marked â€˜[01m[Koverride[m[Kâ€™, but does not override
[11.261s]   190 |     bool [01;31m[Kevent[m[K(QEvent *) override;
[11.261s]       |          [01;31m[K^~~~~[m[K
[11.262s] [01m[K/home/sirius2beta/cetus/src/link_manager/src/link_manager.cpp:20:1:[m[K [01;31m[Kerror: [m[Kexpected â€˜[01m[K}[m[Kâ€™ at end of input
[11.262s]    20 | [01;31m[K}[m[K
[11.262s]       | [01;31m[K^[m[K
[11.262s] In file included from [01m[K/home/sirius2beta/cetus/src/link_manager/src/RosInterface.h:2[m[K,
[11.263s]                  from [01m[K/home/sirius2beta/cetus/src/link_manager/src/link_manager.cpp:4[m[K:
[11.263s] [01m[K/home/sirius2beta/cetus/src/link_manager/src/ros_worker.h:7:1:[m[K [01;36m[Knote: [m[Kto match this â€˜[01m[K{[m[Kâ€™
[11.263s]     7 | [01;36m[K{[m[K
[11.264s]       | [01;36m[K^[m[K
[11.343s] In file included from [01m[K/usr/include/aarch64-linux-gnu/qt5/QtCore/qnamespace.h:43[m[K,
[11.344s]                  from [01m[K/usr/include/aarch64-linux-gnu/qt5/QtCore/qobjectdefs.h:48[m[K,
[11.344s]                  from [01m[K/usr/include/aarch64-linux-gnu/qt5/QtCore/qobject.h:46[m[K,
[11.344s]                  from [01m[K/usr/include/aarch64-linux-gnu/qt5/QtCore/qthread.h:44[m[K,
[11.345s]                  from [01m[K/usr/include/aarch64-linux-gnu/qt5/QtCore/QThread:1[m[K,
[11.345s]                  from [01m[K/home/sirius2beta/cetus/src/link_manager/src/ros_worker.h:4[m[K,
[11.345s]                  from [01m[K/home/sirius2beta/cetus/src/link_manager/src/RosInterface.h:2[m[K,
[11.345s]                  from [01m[K/home/sirius2beta/cetus/src/link_manager/src/link_manager.cpp:4[m[K:
[11.346s] [01m[K/usr/include/aarch64-linux-gnu/qt5/QtCore/qeventloop.h:[m[K In member function â€˜[01m[KSubscribeWorker::QEventLoopPrivate* SubscribeWorker::QEventLoop::d_func()[m[Kâ€™:
[11.346s] [01m[K/usr/include/aarch64-linux-gnu/qt5/QtCore/qeventloop.h:53:5:[m[K [01;31m[Kerror: [m[Kâ€˜[01m[Kd_ptr[m[Kâ€™ was not declared in this scope; did you mean â€˜[01m[Ksi_ptr[m[Kâ€™?
[11.346s]    53 |     [01;31m[KQ_DECLARE_PRIVATE[m[K(QEventLoop)
[11.347s]       |     [01;31m[K^~~~~~~~~~~~~~~~~[m[K
[11.354s] [01m[K/usr/include/aarch64-linux-gnu/qt5/QtCore/qeventloop.h:[m[K In member function â€˜[01m[Kconst SubscribeWorker::QEventLoopPrivate* SubscribeWorker::QEventLoop::d_func() const[m[Kâ€™:
[11.354s] [01m[K/usr/include/aarch64-linux-gnu/qt5/QtCore/qeventloop.h:53:5:[m[K [01;31m[Kerror: [m[Kâ€˜[01m[Kd_ptr[m[Kâ€™ was not declared in this scope; did you mean â€˜[01m[Ksi_ptr[m[Kâ€™?
[11.355s]    53 |     [01;31m[KQ_DECLARE_PRIVATE[m[K(QEventLoop)
[11.355s]       |     [01;31m[K^~~~~~~~~~~~~~~~~[m[K
[11.365s] [01m[K/usr/include/aarch64-linux-gnu/qt5/QtCore/qcoreapplication.h:[m[K In member function â€˜[01m[KSubscribeWorker::QCoreApplicationPrivate* SubscribeWorker::QCoreApplication::d_func()[m[Kâ€™:
[11.366s] [01m[K/usr/include/aarch64-linux-gnu/qt5/QtCore/qcoreapplication.h:86:5:[m[K [01;31m[Kerror: [m[Kâ€˜[01m[Kd_ptr[m[Kâ€™ was not declared in this scope; did you mean â€˜[01m[Ksi_ptr[m[Kâ€™?
[11.366s]    86 |     [01;31m[KQ_DECLARE_PRIVATE[m[K(QCoreApplication)
[11.367s]       |     [01;31m[K^~~~~~~~~~~~~~~~~[m[K
[11.375s] [01m[K/usr/include/aarch64-linux-gnu/qt5/QtCore/qcoreapplication.h:[m[K In member function â€˜[01m[Kconst SubscribeWorker::QCoreApplicationPrivate* SubscribeWorker::QCoreApplication::d_func() const[m[Kâ€™:
[11.376s] [01m[K/usr/include/aarch64-linux-gnu/qt5/QtCore/qcoreapplication.h:86:5:[m[K [01;31m[Kerror: [m[Kâ€˜[01m[Kd_ptr[m[Kâ€™ was not declared in this scope; did you mean â€˜[01m[Ksi_ptr[m[Kâ€™?
[11.376s]    86 |     [01;31m[KQ_DECLARE_PRIVATE[m[K(QCoreApplication)
[11.376s]       |     [01;31m[K^~~~~~~~~~~~~~~~~[m[K
[11.377s] [01m[K/home/sirius2beta/cetus/src/link_manager/src/link_manager.cpp:[m[K In member function â€˜[01m[Kint SubscribeWorker::main(int, char**)[m[Kâ€™:
[11.378s] [01m[K/home/sirius2beta/cetus/src/link_manager/src/link_manager.cpp:13:14:[m[K [01;31m[Kerror: [m[Kincomplete type â€˜[01m[KSubscribeWorker::QObject[m[Kâ€™ used in nested name specifier
[11.378s]    13 |     QObject::[01;31m[Kconnect[m[K(ros_interface, &QThread::finished, []() {
[11.378s]       |              [01;31m[K^~~~~~~[m[K
[11.379s] [01m[K/home/sirius2beta/cetus/src/link_manager/src/link_manager.cpp:[m[K At global scope:
[11.379s] [01m[K/home/sirius2beta/cetus/src/link_manager/src/link_manager.cpp:20:1:[m[K [01;31m[Kerror: [m[Kexpected unqualified-id at end of input
[11.379s]    20 | [01;31m[K}[m[K
[11.380s]       | [01;31m[K^[m[K
[11.664s] In file included from [01m[K/home/sirius2beta/cetus/build/link_manager/link_manager_autogen/UVLADIE3JM/../../../../src/link_manager/src/RosInterface.h:2[m[K,
[11.665s]                  from [01m[K/home/sirius2beta/cetus/build/link_manager/link_manager_autogen/UVLADIE3JM/moc_RosInterface.cpp:9[m[K,
[11.665s]                  from [01m[K/home/sirius2beta/cetus/build/link_manager/link_manager_autogen/mocs_compilation.cpp:2[m[K:
[11.665s] [01m[K/home/sirius2beta/cetus/build/link_manager/link_manager_autogen/UVLADIE3JM/../../../../src/link_manager/src/ros_worker.h:9:36:[m[K [01;31m[Kerror: [m[Kexpected â€˜[01m[K)[m[Kâ€™ before â€˜[01m[Kcallback[m[Kâ€™
[11.666s]     9 |     SubscribeWorker[34m[K([m[KMavlinkCallback[01;31m[K [m[K[32m[Kcallback[m[K) : Node("link_manager_subscribe_worker"), callback_(callback)
[11.666s]       |                    [34m[K~[m[K               [01;31m[K^[m[K[32m[K~~~~~~~~[m[K
[11.666s]       |                                    [32m[K)[m[K
[11.687s] In file included from [01m[K/home/sirius2beta/cetus/src/link_manager/src/mavlink/hypex/mavlink.h:32[m[K,
[11.688s]                  from [01m[K/home/sirius2beta/cetus/build/link_manager/link_manager_autogen/UVLADIE3JM/../../../../src/link_manager/src/RosInterface.h:4[m[K,
[11.688s]                  from [01m[K/home/sirius2beta/cetus/build/link_manager/link_manager_autogen/UVLADIE3JM/moc_RosInterface.cpp:9[m[K,
[11.689s]                  from [01m[K/home/sirius2beta/cetus/build/link_manager/link_manager_autogen/mocs_compilation.cpp:2[m[K:
[11.689s] [01m[K/home/sirius2beta/cetus/src/link_manager/src/mavlink/hypex/hypex.h:16:8:[m[K [01;31m[Kerror: [m[Kexpected unqualified-id before string constant
[11.689s]    16 | extern [01;31m[K"C"[m[K {
[11.690s]       |        [01;31m[K^~~[m[K
[11.714s] In file included from [01m[K/home/sirius2beta/cetus/build/link_manager/link_manager_autogen/UVLADIE3JM/moc_RosInterface.cpp:9[m[K,
[11.715s]                  from [01m[K/home/sirius2beta/cetus/build/link_manager/link_manager_autogen/mocs_compilation.cpp:2[m[K:
[11.715s] [01m[K/home/sirius2beta/cetus/build/link_manager/link_manager_autogen/UVLADIE3JM/../../../../src/link_manager/src/RosInterface.h:12:30:[m[K [01;31m[Kerror: [m[Kâ€˜[01m[Kmavlink_message_t[m[Kâ€™ does not name a type
[11.716s]    12 |     void mavlinkToSend(const [01;31m[Kmavlink_message_t[m[K &message);
[11.716s]       |                              [01;31m[K^~~~~~~~~~~~~~~~~[m[K
[11.731s] [01m[K/home/sirius2beta/cetus/build/link_manager/link_manager_autogen/UVLADIE3JM/../../../../src/link_manager/src/RosInterface.h:14:33:[m[K [01;31m[Kerror: [m[Kâ€˜[01m[Kmavlink_message_t[m[Kâ€™ does not name a type
[11.732s]    14 |     void onMavlinkToParse(const [01;31m[Kmavlink_message_t[m[K &message);
[11.732s]       |                                 [01;31m[K^~~~~~~~~~~~~~~~~[m[K
[11.752s] In file included from [01m[K/home/sirius2beta/cetus/build/link_manager/link_manager_autogen/mocs_compilation.cpp:2[m[K:
[11.753s] [01m[K/home/sirius2beta/cetus/build/link_manager/link_manager_autogen/UVLADIE3JM/moc_RosInterface.cpp:32:48:[m[K [01;31m[Kerror: [m[Kâ€˜[01m[Kconstexpr[m[Kâ€™ needed for in-class initialization of static data member â€˜[01m[Kconst SubscribeWorker::qt_meta_stringdata_RosInterface_t SubscribeWorker::qt_meta_stringdata_RosInterface[m[Kâ€™ of non-integral type [[01;31m[K-fpermissive[m[K]
[11.753s]    32 | static const qt_meta_stringdata_RosInterface_t [01;31m[Kqt_meta_stringdata_RosInterface[m[K = {
[11.754s]       |                                                [01;31m[K^~~~~~~~~~~~~~~~~~~~~~~~~~~~~~~[m[K
[11.757s] [01m[K/home/sirius2beta/cetus/build/link_manager/link_manager_autogen/UVLADIE3JM/moc_RosInterface.cpp:47:19:[m[K [01;31m[Kerror: [m[Kin-class initialization of static data member â€˜[01m[Kconst uint SubscribeWorker::qt_meta_data_RosInterface [][m[Kâ€™ of incomplete type
[11.757s]    47 | static const uint [01;31m[Kqt_meta_data_RosInterface[m[K[] = {
[11.758s]       |                   [01;31m[K^~~~~~~~~~~~~~~~~~~~~~~~~[m[K
[11.758s] [01m[K/home/sirius2beta/cetus/build/link_manager/link_manager_autogen/UVLADIE3JM/moc_RosInterface.cpp:75:92:[m[K [01;31m[Kerror: [m[Kcannot define member function â€˜[01m[KSubscribeWorker::RosInterface::qt_static_metacall[m[Kâ€™ within â€˜[01m[KSubscribeWorker[m[Kâ€™
[11.758s]    75 | _metacall(QObject *_o, QMetaObject::Call _c, int _id, void **_a[01;31m[K)[m[K
[11.759s]       |                                                                [01;31m[K^[m[K
[11.759s] 
[11.759s] [01m[K/home/sirius2beta/cetus/build/link_manager/link_manager_autogen/UVLADIE3JM/moc_RosInterface.cpp:104:3:[m[K [01;31m[Kerror: [m[Kinvalid use of qualified-name â€˜[01m[KSubscribeWorker::RosInterface::staticMetaObject[m[Kâ€™
[11.760s]   104 | } [01;31m[K}[m[K;
[11.760s]       |   [01;31m[K^[m[K
[11.767s] [01m[K/home/sirius2beta/cetus/build/link_manager/link_manager_autogen/UVLADIE3JM/moc_RosInterface.cpp:107:47:[m[K [01;31m[Kerror: [m[Kcannot define member function â€˜[01m[KSubscribeWorker::RosInterface::metaObject[m[Kâ€™ within â€˜[01m[KSubscribeWorker[m[Kâ€™
[11.769s]   107 | const QMetaObject *RosInterface::metaObject() [01;31m[Kconst[m[K
[11.769s]       |                                               [01;31m[K^~~~~[m[K
[11.770s] [01m[K/home/sirius2beta/cetus/build/link_manager/link_manager_autogen/UVLADIE3JM/moc_RosInterface.cpp:112:52:[m[K [01;31m[Kerror: [m[Kcannot define member function â€˜[01m[KSubscribeWorker::RosInterface::qt_metacast[m[Kâ€™ within â€˜[01m[KSubscribeWorker[m[Kâ€™
[11.770s]   112 | void *RosInterface::qt_metacast(const char *_clname[01;31m[K)[m[K
[11.770s]       |                                                    [01;31m[K^[m[K
[11.787s] [01m[K/home/sirius2beta/cetus/build/link_manager/link_manager_autogen/UVLADIE3JM/moc_RosInterface.cpp:120:71:[m[K [01;31m[Kerror: [m[Kcannot define member function â€˜[01m[KSubscribeWorker::RosInterface::qt_metacall[m[Kâ€™ within â€˜[01m[KSubscribeWorker[m[Kâ€™
[11.788s]   120 | int RosInterface::qt_metacall(QMetaObject::Call _c, int _id, void **_a[01;31m[K)[m[K
[11.789s]       |                                                                       [01;31m[K^[m[K
[11.789s] [01m[K/home/sirius2beta/cetus/build/link_manager/link_manager_autogen/UVLADIE3JM/moc_RosInterface.cpp:138:40:[m[K [01;31m[Kerror: [m[Kâ€˜[01m[Kmavlink_message_t[m[Kâ€™ does not name a type
[11.789s]   138 | void RosInterface::mavlinkToSend(const [01;31m[Kmavlink_message_t[m[K & _t1)
[11.790s]       |                                        [01;31m[K^~~~~~~~~~~~~~~~~[m[K
[11.790s] [01m[K/home/sirius2beta/cetus/build/link_manager/link_manager_autogen/UVLADIE3JM/moc_RosInterface.cpp:138:63:[m[K [01;31m[Kerror: [m[Kcannot define member function â€˜[01m[KSubscribeWorker::RosInterface::mavlinkToSend[m[Kâ€™ within â€˜[01m[KSubscribeWorker[m[Kâ€™
[11.790s]   138 | void RosInterface::mavlinkToSend(const mavlink_message_t & _t1[01;31m[K)[m[K
[11.791s]       |                                                               [01;31m[K^[m[K
[11.791s] In file included from [01m[K/usr/include/aarch64-linux-gnu/qt5/QtCore/qglobal.h:105[m[K,
[11.792s]                  from [01m[K/usr/include/aarch64-linux-gnu/qt5/QtCore/qnamespace.h:43[m[K,
[11.792s]                  from [01m[K/usr/include/aarch64-linux-gnu/qt5/QtCore/qobjectdefs.h:48[m[K,
[11.792s]                  from [01m[K/usr/include/aarch64-linux-gnu/qt5/QtCore/qobject.h:46[m[K,
[11.792s]                  from [01m[K/usr/include/aarch64-linux-gnu/qt5/QtCore/qthread.h:44[m[K,
[11.793s]                  from [01m[K/usr/include/aarch64-linux-gnu/qt5/QtCore/QThread:1[m[K,
[11.793s]                  from [01m[K/home/sirius2beta/cetus/build/link_manager/link_manager_autogen/UVLADIE3JM/../../../../src/link_manager/src/ros_worker.h:4[m[K,
[11.793s]                  from [01m[K/home/sirius2beta/cetus/build/link_manager/link_manager_autogen/UVLADIE3JM/../../../../src/link_manager/src/RosInterface.h:2[m[K,
[11.803s]                  from [01m[K/home/sirius2beta/cetus/build/link_manager/link_manager_autogen/UVLADIE3JM/moc_RosInterface.cpp:9[m[K,
[11.804s]                  from [01m[K/home/sirius2beta/cetus/build/link_manager/link_manager_autogen/mocs_compilation.cpp:2[m[K:
[11.804s] [01m[K/home/sirius2beta/cetus/build/link_manager/link_manager_autogen/UVLADIE3JM/moc_RosInterface.cpp:143:1:[m[K [01;31m[Kerror: [m[Kexpected â€˜[01m[K}[m[Kâ€™ at end of input
[11.805s]   143 | [01;31m[KQT_WARNING_POP[m[K
[11.805s]       | [01;31m[K^~~~~~~~~~~~~~[m[K
[11.806s] In file included from [01m[K/home/sirius2beta/cetus/build/link_manager/link_manager_autogen/UVLADIE3JM/../../../../src/link_manager/src/RosInterface.h:2[m[K,
[11.806s]                  from [01m[K/home/sirius2beta/cetus/build/link_manager/link_manager_autogen/UVLADIE3JM/moc_RosInterface.cpp:9[m[K,
[11.806s]                  from [01m[K/home/sirius2beta/cetus/build/link_manager/link_manager_autogen/mocs_compilation.cpp:2[m[K:
[11.807s] [01m[K/home/sirius2beta/cetus/build/link_manager/link_manager_autogen/UVLADIE3JM/../../../../src/link_manager/src/ros_worker.h:7:1:[m[K [01;36m[Knote: [m[Kto match this â€˜[01m[K{[m[Kâ€™
[11.807s]     7 | [01;36m[K{[m[K
[11.807s]       | [01;36m[K^[m[K
[11.873s] In file included from [01m[K/home/sirius2beta/cetus/build/link_manager/link_manager_autogen/UVLADIE3JM/moc_RosInterface.cpp:9[m[K,
[11.874s]                  from [01m[K/home/sirius2beta/cetus/build/link_manager/link_manager_autogen/mocs_compilation.cpp:2[m[K:
[11.874s] [01m[K/home/sirius2beta/cetus/build/link_manager/link_manager_autogen/UVLADIE3JM/../../../../src/link_manager/src/RosInterface.h:9:73:[m[K [01;31m[Kerror: [m[Kexpected unqualified-id at end of input
[11.875s]     9 |     explicit RosInterface(QObject *parent = nullptr) : QThread(parent) {[01;31m[K}[m[K
[11.875s]       |                                                                         [01;31m[K^[m[K
[12.251s] In file included from [01m[K/home/sirius2beta/cetus/src/link_manager/src/RosInterface.h:2[m[K,
[12.252s]                  from [01m[K/home/sirius2beta/cetus/src/link_manager/src/RosInterface.cpp:1[m[K:
[12.252s] [01m[K/home/sirius2beta/cetus/src/link_manager/src/ros_worker.h:9:36:[m[K [01;31m[Kerror: [m[Kexpected â€˜[01m[K)[m[Kâ€™ before â€˜[01m[Kcallback[m[Kâ€™
[12.252s]     9 |     SubscribeWorker[34m[K([m[KMavlinkCallback[01;31m[K [m[K[32m[Kcallback[m[K) : Node("link_manager_subscribe_worker"), callback_(callback)
[12.253s]       |                    [34m[K~[m[K               [01;31m[K^[m[K[32m[K~~~~~~~~[m[K
[12.253s]       |                                    [32m[K)[m[K
[12.274s] In file included from [01m[K/home/sirius2beta/cetus/src/link_manager/src/mavlink/hypex/mavlink.h:32[m[K,
[12.274s]                  from [01m[K/home/sirius2beta/cetus/src/link_manager/src/RosInterface.h:4[m[K,
[12.274s]                  from [01m[K/home/sirius2beta/cetus/src/link_manager/src/RosInterface.cpp:1[m[K:
[12.275s] [01m[K/home/sirius2beta/cetus/src/link_manager/src/mavlink/hypex/hypex.h:16:8:[m[K [01;31m[Kerror: [m[Kexpected unqualified-id before string constant
[12.275s]    16 | extern [01;31m[K"C"[m[K {
[12.275s]       |        [01;31m[K^~~[m[K
[12.295s] In file included from [01m[K/home/sirius2beta/cetus/src/link_manager/src/RosInterface.cpp:1[m[K:
[12.296s] [01m[K/home/sirius2beta/cetus/src/link_manager/src/RosInterface.h:12:30:[m[K [01;31m[Kerror: [m[Kâ€˜[01m[Kmavlink_message_t[m[Kâ€™ does not name a type
[12.296s]    12 |     void mavlinkToSend(const [01;31m[Kmavlink_message_t[m[K &message);
[12.296s]       |                              [01;31m[K^~~~~~~~~~~~~~~~~[m[K
[12.310s] [01m[K/home/sirius2beta/cetus/src/link_manager/src/RosInterface.h:14:33:[m[K [01;31m[Kerror: [m[Kâ€˜[01m[Kmavlink_message_t[m[Kâ€™ does not name a type
[12.311s]    14 |     void onMavlinkToParse(const [01;31m[Kmavlink_message_t[m[K &message);
[12.311s]       |                                 [01;31m[K^~~~~~~~~~~~~~~~~[m[K
[12.328s] [01m[K/home/sirius2beta/cetus/src/link_manager/src/RosInterface.cpp:3:24:[m[K [01;31m[Kerror: [m[Kcannot define member function â€˜[01m[KSubscribeWorker::RosInterface::run[m[Kâ€™ within â€˜[01m[KSubscribeWorker[m[Kâ€™
[12.329s]     3 | void RosInterface::run([01;31m[K)[m[K
[12.329s]       |                        [01;31m[K^[m[K
[12.344s] [01m[K/home/sirius2beta/cetus/src/link_manager/src/RosInterface.cpp:28:43:[m[K [01;31m[Kerror: [m[Kâ€˜[01m[Kmavlink_message_t[m[Kâ€™ does not name a type
[12.344s]    28 | void RosInterface::onMavlinkToParse(const [01;31m[Kmavlink_message_t[m[K &message)
[12.345s]       |                                           [01;31m[K^~~~~~~~~~~~~~~~~[m[K
[12.345s] [01m[K/home/sirius2beta/cetus/src/link_manager/src/RosInterface.cpp:28:69:[m[K [01;31m[Kerror: [m[Kcannot define member function â€˜[01m[KSubscribeWorker::RosInterface::onMavlinkToParse[m[Kâ€™ within â€˜[01m[KSubscribeWorker[m[Kâ€™
[12.345s]    28 | void RosInterface::onMavlinkToParse(const mavlink_message_t &message[01;31m[K)[m[K
[12.346s]       |                                                                     [01;31m[K^[m[K
[12.346s] [01m[K/home/sirius2beta/cetus/src/link_manager/src/RosInterface.cpp:49:101:[m[K [01;31m[Kerror: [m[Kcannot define member function â€˜[01m[KSubscribeWorker::RosInterface::handleMavlinkAssembly[m[Kâ€™ within â€˜[01m[KSubscribeWorker[m[Kâ€™
[12.346s]    49 | void RosInterface::handleMavlinkAssembly(const std::vector<uint8_t>& raw_payload, uint8_t topic_type[01;31m[K)[m[K
[12.347s]       |                                                                                                     [01;31m[K^[m[K
[12.347s] [01m[K/home/sirius2beta/cetus/src/link_manager/src/RosInterface.cpp:69:1:[m[K [01;31m[Kerror: [m[Kexpected â€˜[01m[K}[m[Kâ€™ at end of input
[12.347s]    69 | [01;31m[K}[m[K
[12.348s]       | [01;31m[K^[m[K
[12.348s] In file included from [01m[K/home/sirius2beta/cetus/src/link_manager/src/RosInterface.h:2[m[K,
[12.348s]                  from [01m[K/home/sirius2beta/cetus/src/link_manager/src/RosInterface.cpp:1[m[K:
[12.349s] [01m[K/home/sirius2beta/cetus/src/link_manager/src/ros_worker.h:7:1:[m[K [01;36m[Knote: [m[Kto match this â€˜[01m[K{[m[Kâ€™
[12.349s]     7 | [01;36m[K{[m[K
[12.349s]       | [01;36m[K^[m[K
[12.433s] In file included from [01m[K/home/sirius2beta/cetus/src/link_manager/src/RosInterface.cpp:1[m[K:
[12.434s] [01m[K/home/sirius2beta/cetus/src/link_manager/src/RosInterface.h:9:73:[m[K [01;31m[Kerror: [m[Kexpected unqualified-id at end of input
[12.434s]     9 |     explicit RosInterface(QObject *parent = nullptr) : QThread(parent) {[01;31m[K}[m[K
[12.434s]       |                                                                         [01;31m[K^[m[K
[14.383s] make[2]: *** [CMakeFiles/link_manager.dir/build.make:90: CMakeFiles/link_manager.dir/src/link_manager.cpp.o] Error 1
[14.384s] make[2]: *** Waiting for unfinished jobs....
[14.731s] make[2]: *** [CMakeFiles/link_manager.dir/build.make:76: CMakeFiles/link_manager.dir/link_manager_autogen/mocs_compilation.cpp.o] Error 1
[15.132s] make[2]: *** [CMakeFiles/link_manager.dir/build.make:104: CMakeFiles/link_manager.dir/src/RosInterface.cpp.o] Error 1
[15.134s] make[1]: *** [CMakeFiles/Makefile2:138: CMakeFiles/link_manager.dir/all] Error 2
[15.136s] make: *** [Makefile:146: all] Error 2
[15.187s] Invoked command in '/home/sirius2beta/cetus/build/link_manager' returned '2': CMAKE_PREFIX_PATH=/home/sirius2beta/cetus/install/more_interfaces:/home/sirius2beta/cetus/install/link_manager:/home/sirius2beta/cetus/install/video_control:/opt/ros/foxy LD_LIBRARY_PATH=/home/sirius2beta/cetus/install/more_interfaces/lib:/opt/ros/foxy/opt/yaml_cpp_vendor/lib:/opt/ros/foxy/lib/aarch64-linux-gnu:/opt/ros/foxy/lib:/usr/local/cuda-11.4/lib64:/usr/local/cuda-11.4/lib64 PYTHONPATH=/home/sirius2beta/cetus/install/more_interfaces/lib/python3.8/site-packages:/home/sirius2beta/cetus/install/video_control/lib/python3.8/site-packages:/opt/ros/foxy/lib/python3.8/site-packages /home/sirius2beta/.local/bin/cmake --build /home/sirius2beta/cetus/build/link_manager -- -j4 -l4
